c:\users\paul\documents\github\cmp105_cw\coursework\cmp105app\x64\debug\vc142.pdb
c:\users\paul\documents\github\cmp105_cw\coursework\cmp105app\x64\debug\vc142.idb
c:\users\paul\documents\github\cmp105_cw\coursework\cmp105app\x64\debug\vector.obj
c:\users\paul\documents\github\cmp105_cw\coursework\cmp105app\x64\debug\tilemap.obj
c:\users\paul\documents\github\cmp105_cw\coursework\cmp105app\x64\debug\soundobject.obj
c:\users\paul\documents\github\cmp105_cw\coursework\cmp105app\x64\debug\gameobject.obj
c:\users\paul\documents\github\cmp105_cw\coursework\cmp105app\x64\debug\musicobject.obj
c:\users\paul\documents\github\cmp105_cw\coursework\cmp105app\x64\debug\input.obj
c:\users\paul\documents\github\cmp105_cw\coursework\cmp105app\x64\debug\gamestate.obj
c:\users\paul\documents\github\cmp105_cw\coursework\cmp105app\x64\debug\collision.obj
c:\users\paul\documents\github\cmp105_cw\coursework\cmp105app\x64\debug\baselevel.obj
c:\users\paul\documents\github\cmp105_cw\coursework\cmp105app\x64\debug\audiomanager.obj
c:\users\paul\documents\github\cmp105_cw\coursework\cmp105app\x64\debug\animation.obj
c:\users\paul\documents\github\cmp105_cw\coursework\cmp105app\x64\debug\level.obj
c:\users\paul\documents\github\cmp105_cw\coursework\cmp105app\x64\debug\main.obj
c:\users\paul\documents\github\cmp105_cw\coursework\cmp105app\x64\debug\vectorhelper.obj
c:\users\paul\documents\github\cmp105_cw\coursework\x64\debug\cmp105app.exe
c:\users\paul\documents\github\cmp105_cw\coursework\x64\debug\cmp105app.ilk
c:\users\paul\documents\github\cmp105_cw\coursework\x64\debug\cmp105app.pdb
c:\users\paul\documents\github\cmp105_cw\coursework\cmp105app\x64\debug\cmp105app.tlog\cl.command.1.tlog
c:\users\paul\documents\github\cmp105_cw\coursework\cmp105app\x64\debug\cmp105app.tlog\cl.read.1.tlog
c:\users\paul\documents\github\cmp105_cw\coursework\cmp105app\x64\debug\cmp105app.tlog\cl.write.1.tlog
c:\users\paul\documents\github\cmp105_cw\coursework\cmp105app\x64\debug\cmp105app.tlog\link.command.1.tlog
c:\users\paul\documents\github\cmp105_cw\coursework\cmp105app\x64\debug\cmp105app.tlog\link.read.1.tlog
c:\users\paul\documents\github\cmp105_cw\coursework\cmp105app\x64\debug\cmp105app.tlog\link.write.1.tlog
