  Enemy.cpp
  EnemyManager.cpp
  HealthManager.cpp
  Item.cpp
  ItemManager.cpp
C:\Users\Work Mode\Desktop\Uni\Year 1\Term 2\CMP105 Games Programming\sfml\cmp105_coursework-ren-d\Coursework\CMP105App\ItemManager.cpp(80,74): warning C4244: 'argument': conversion from 'T' to 'T', possible loss of data
          with
          [
              T=float
          ]
          and
          [
              T=int
          ]
C:\Users\Work Mode\Desktop\Uni\Year 1\Term 2\CMP105 Games Programming\sfml\cmp105_coursework-ren-d\Coursework\CMP105App\ItemManager.cpp(80,62): warning C4244: 'argument': conversion from 'T' to 'T', possible loss of data
          with
          [
              T=float
          ]
          and
          [
              T=int
          ]
  Level.cpp
C:\Users\Work Mode\Desktop\Uni\Year 1\Term 2\CMP105 Games Programming\sfml\cmp105_coursework-ren-d\Coursework\CMP105App\Level.cpp(446,88): warning C4244: 'argument': conversion from 'T' to 'T', possible loss of data
          with
          [
              T=unsigned int
          ]
          and
          [
              T=float
          ]
C:\Users\Work Mode\Desktop\Uni\Year 1\Term 2\CMP105 Games Programming\sfml\cmp105_coursework-ren-d\Coursework\CMP105App\Level.cpp(446,63): warning C4244: 'argument': conversion from 'T' to 'T', possible loss of data
          with
          [
              T=unsigned int
          ]
          and
          [
              T=float
          ]
  LevelManager.cpp
  MenuItem.cpp
C:\Users\Work Mode\Desktop\Uni\Year 1\Term 2\CMP105 Games Programming\sfml\cmp105_coursework-ren-d\Coursework\CMP105App\MenuItem.cpp(35,76): warning C4244: 'argument': conversion from 'T' to 'T', possible loss of data
          with
          [
              T=float
          ]
          and
          [
              T=int
          ]
C:\Users\Work Mode\Desktop\Uni\Year 1\Term 2\CMP105 Games Programming\sfml\cmp105_coursework-ren-d\Coursework\CMP105App\MenuItem.cpp(35,64): warning C4244: 'argument': conversion from 'T' to 'T', possible loss of data
          with
          [
              T=float
          ]
          and
          [
              T=int
          ]
  MenuManager.cpp
  Player.cpp
C:\Users\Work Mode\Desktop\Uni\Year 1\Term 2\CMP105 Games Programming\sfml\cmp105_coursework-ren-d\Coursework\CMP105App\Player.cpp(281,40): warning C4244: 'argument': conversion from 'int' to 'T', possible loss of data
          with
          [
              T=float
          ]
C:\Users\Work Mode\Desktop\Uni\Year 1\Term 2\CMP105 Games Programming\sfml\cmp105_coursework-ren-d\Coursework\CMP105App\Player.cpp(311,39): warning C4244: 'argument': conversion from 'int' to 'T', possible loss of data
          with
          [
              T=float
          ]
  Generating code
  24 of 828 functions ( 2.9%) were compiled, the rest were copied from previous compilation.
    0 functions were new in current compilation
    5 functions had inline decision re-evaluated but remain unchanged
  Finished generating code
  CMP105App.vcxproj -> C:\Users\Work Mode\Desktop\Uni\Year 1\Term 2\CMP105 Games Programming\sfml\cmp105_coursework-ren-d\Coursework\x64\Release\CMP105App.exe
